2025-05-06 04:17:07 - INFO - root - C:\Users\User\PycharmProjects\senseBridge\src\utils\logger.py:68 - Logging initialized
2025-05-06 04:17:07 - INFO - src - C:\Users\User\PycharmProjects\senseBridge\src\main.py:47 - Initializing SenseBridge...
2025-05-06 04:17:07 - WARNING - src.utils.hardware_detection - C:\Users\User\PycharmProjects\senseBridge\src\utils\hardware_detection.py:80 - Bluetooth not available
2025-05-06 04:17:07 - INFO - src.utils.hardware_detection - C:\Users\User\PycharmProjects\senseBridge\src\utils\hardware_detection.py:22 - Hardware detection: Platform=Windows, RaspberryPi=False, GPIO=False, Audio=True, Bluetooth=False, Display=False
2025-05-06 04:17:07 - INFO - src - C:\Users\User\PycharmProjects\senseBridge\src\main.py:51 - Hardware capabilities: {'platform': 'Windows', 'is_raspberry_pi': False, 'has_gpio': False, 'has_audio': True, 'has_bluetooth': False, 'has_display': False}
2025-05-06 04:17:07 - WARNING - src - C:\Users\User\PycharmProjects\senseBridge\src\main.py:55 - No display detected, switching to headless mode
2025-05-06 04:17:07 - INFO - src - C:\Users\User\PycharmProjects\senseBridge\src\main.py:63 - Running in simulation mode
2025-05-06 04:17:07 - INFO - src.utils.config - C:\Users\User\PycharmProjects\senseBridge\src\utils\config.py:62 - Device configuration loaded
2025-05-06 04:17:07 - INFO - src.utils.config - C:\Users\User\PycharmProjects\senseBridge\src\utils\config.py:109 - Sound events configuration loaded
2025-05-06 04:17:07 - INFO - src.utils.config - C:\Users\User\PycharmProjects\senseBridge\src\utils\config.py:164 - User preferences loaded
2025-05-06 04:17:07 - INFO - src.utils.config - C:\Users\User\PycharmProjects\senseBridge\src\utils\config.py:48 - Config manager initialized
2025-05-06 04:17:07 - INFO - src.hardware.device_control - C:\Users\User\PycharmProjects\senseBridge\src\hardware\device_control.py:63 - DeviceController initialized
2025-05-06 04:17:07 - WARNING - root - C:\Users\User\PycharmProjects\senseBridge\src\notification\haptic_feedback.py:14 - Real bluetooth module not available, using mock
2025-05-06 04:17:07 - INFO - src.notification.haptic_feedback - C:\Users\User\PycharmProjects\senseBridge\src\notification\haptic_feedback.py:69 - HapticFeedback initialized
2025-05-06 04:17:07 - INFO - src.notification.visual_notification - C:\Users\User\PycharmProjects\senseBridge\src\notification\visual_notification.py:55 - VisualNotification initialized
2025-05-06 04:17:07 - INFO - src.notification.notification_manager - C:\Users\User\PycharmProjects\senseBridge\src\notification\notification_manager.py:51 - NotificationManager initialized
2025-05-06 04:17:07 - INFO - src.hardware.wearable - C:\Users\User\PycharmProjects\senseBridge\src\hardware\wearable.py:50 - WearableDevice initialized
2025-05-06 04:17:07 - INFO - src.speech.speech_to_text - C:\Users\User\PycharmProjects\senseBridge\src\speech\speech_to_text.py:58 - Available microphones: ['Microsoft Sound Mapper - Input', 'Microphone Array (Realtek(R) Au', 'Microsoft Sound Mapper - Output', 'Speakers (Realtek(R) Audio)', 'Primary Sound Capture Driver', 'Microphone Array (Realtek(R) Audio)', 'Primary Sound Driver', 'Speakers (Realtek(R) Audio)', 'Speakers (Realtek(R) Audio)', 'Microphone Array (Realtek(R) Audio)', 'Headphones 1 (Realtek HD Audio 2nd output with SST)', 'Headphones 2 (Realtek HD Audio 2nd output with SST)', 'PC Speaker (Realtek HD Audio 2nd output with SST)', 'Microphone Array 1 (Realtek HD Audio Mic input with SST)', 'Microphone Array 2 (Realtek HD Audio Mic input with SST)', 'Microphone Array 3 (Realtek HD Audio Mic input with SST)', 'FrontMic (Realtek HD Audio Front Mic input)', 'Stereo Mix (Realtek HD Audio Stereo input)', 'Speakers 1 (Realtek HD Audio output with SST)', 'Speakers 2 (Realtek HD Audio output with SST)', 'PC Speaker (Realtek HD Audio output with SST)']
2025-05-06 04:17:07 - INFO - src.speech.speech_to_text - C:\Users\User\PycharmProjects\senseBridge\src\speech\speech_to_text.py:79 - SpeechToText initialized
2025-05-06 04:17:07 - INFO - src.audio.audio_processor - C:\Users\User\PycharmProjects\senseBridge\src\audio\audio_processor.py:36 - AudioProcessor initialized with sample rate: 16000 Hz
2025-05-06 04:17:07 - INFO - src.models.sound_classifier - C:\Users\User\PycharmProjects\senseBridge\src\models\sound_classifier.py:45 - SoundClassifier initialized
2025-05-06 04:17:07 - INFO - src.audio.sound_recognition - C:\Users\User\PycharmProjects\senseBridge\src\audio\sound_recognition.py:46 - SoundRecognition initialized with sensitivity: 0.70
2025-05-06 04:17:07 - INFO - src.gui.app - C:\Users\User\PycharmProjects\senseBridge\src\gui\app.py:31 - SenseBridgeApp initializing...
2025-05-06 04:17:07 - INFO - src.gui.app - C:\Users\User\PycharmProjects\senseBridge\src\gui\app.py:54 - Running in headless mode
2025-05-06 04:17:07 - INFO - src - C:\Users\User\PycharmProjects\senseBridge\src\main.py:126 - Simulator UI created
2025-05-06 04:17:07 - INFO - src - C:\Users\User\PycharmProjects\senseBridge\src\main.py:85 - SenseBridge initialized
2025-05-06 04:17:07 - INFO - src - C:\Users\User\PycharmProjects\senseBridge\src\main.py:132 - Starting SenseBridge...
2025-05-06 04:17:07 - INFO - src.notification.haptic_feedback - C:\Users\User\PycharmProjects\senseBridge\src\notification\haptic_feedback.py:206 - Connecting to wearable at 00:11:22:33:44:55...
2025-05-06 04:17:07 - INFO - src.notification.haptic_feedback - C:\Users\User\PycharmProjects\senseBridge\src\notification\haptic_feedback.py:220 - Connected to wearable device
2025-05-06 04:17:07 - INFO - src.notification.haptic_feedback - C:\Users\User\PycharmProjects\senseBridge\src\notification\haptic_feedback.py:88 - Haptic feedback system started
2025-05-06 04:17:07 - INFO - src.notification.visual_notification - C:\Users\User\PycharmProjects\senseBridge\src\notification\visual_notification.py:75 - Visual notification system started
2025-05-06 04:17:07 - INFO - src.notification.notification_manager - C:\Users\User\PycharmProjects\senseBridge\src\notification\notification_manager.py:76 - Notification manager started
2025-05-06 04:17:07 - INFO - src.hardware.wearable - C:\Users\User\PycharmProjects\senseBridge\src\hardware\wearable.py:143 - Connecting to wearable at 00:11:22:33:44:55...
2025-05-06 04:17:07 - INFO - src.hardware.wearable - C:\Users\User\PycharmProjects\senseBridge\src\hardware\wearable.py:70 - Wearable device manager started
2025-05-06 04:17:07 - INFO - src.hardware.wearable - C:\Users\User\PycharmProjects\senseBridge\src\hardware\wearable.py:157 - Wearable response: b'MOCK_DATA'
2025-05-06 04:17:07 - INFO - src.speech.speech_to_text - C:\Users\User\PycharmProjects\senseBridge\src\speech\speech_to_text.py:90 - Running in simulation mode - using mocked speech recognition
2025-05-06 04:17:07 - INFO - src.hardware.wearable - C:\Users\User\PycharmProjects\senseBridge\src\hardware\wearable.py:162 - Connected to wearable device
2025-05-06 04:17:07 - INFO - src.speech.speech_to_text - C:\Users\User\PycharmProjects\senseBridge\src\speech\speech_to_text.py:95 - Speech to text started (simulation mode)
2025-05-06 04:17:07 - INFO - src.audio.audio_processor - C:\Users\User\PycharmProjects\senseBridge\src\audio\audio_processor.py:48 - Audio processor started
2025-05-06 04:17:07 - INFO - src.models.sound_classifier - C:\Users\User\PycharmProjects\senseBridge\src\models\sound_classifier.py:54 - Loading sound classification model...
2025-05-06 04:17:07 - INFO - src.models.sound_classifier - C:\Users\User\PycharmProjects\senseBridge\src\models\sound_classifier.py:72 - Model loaded in 0.01 seconds
2025-05-06 04:17:07 - INFO - src.models.sound_classifier - C:\Users\User\PycharmProjects\senseBridge\src\models\sound_classifier.py:73 - Model has 968 sound classes
2025-05-06 04:17:07 - INFO - src.audio.sound_recognition - C:\Users\User\PycharmProjects\senseBridge\src\audio\sound_recognition.py:123 - Calibrating ambient noise level...
2025-05-06 04:17:07 - INFO - src.audio.sound_recognition - C:\Users\User\PycharmProjects\senseBridge\src\audio\sound_recognition.py:63 - Sound recognition started
2025-05-06 04:17:07 - INFO - src.simulator.simulator_ui - C:\Users\User\PycharmProjects\senseBridge\src\simulator\simulator_ui.py:54 - Simulator UI started
2025-05-06 04:17:07 - INFO - src.gui.app - C:\Users\User\PycharmProjects\senseBridge\src\gui\app.py:69 - Notification: SenseBridge is ready! (type: info)
2025-05-06 04:17:07 - INFO - src - C:\Users\User\PycharmProjects\senseBridge\src\main.py:160 - SenseBridge started
2025-05-06 04:17:07 - INFO - src - C:\Users\User\PycharmProjects\senseBridge\src\main.py:164 - Starting GUI main loop
2025-05-06 04:17:10 - INFO - src.audio.sound_recognition - C:\Users\User\PycharmProjects\senseBridge\src\audio\sound_recognition.py:138 - Ambient noise level calibrated to: 0.000324
2025-05-06 04:17:11 - ERROR - src.models.sound_classifier - C:\Users\User\PycharmProjects\senseBridge\src\models\sound_classifier.py:145 - Error in sound classification: Cannot set tensor: Dimension mismatch. Got 2 but expected 1 for input 0.
2025-05-06 04:17:12 - ERROR - src.models.sound_classifier - C:\Users\User\PycharmProjects\senseBridge\src\models\sound_classifier.py:145 - Error in sound classification: Cannot set tensor: Dimension mismatch. Got 2 but expected 1 for input 0.
2025-05-06 04:17:13 - ERROR - src.models.sound_classifier - C:\Users\User\PycharmProjects\senseBridge\src\models\sound_classifier.py:145 - Error in sound classification: Cannot set tensor: Dimension mismatch. Got 2 but expected 1 for input 0.
2025-05-06 04:17:17 - ERROR - src.models.sound_classifier - C:\Users\User\PycharmProjects\senseBridge\src\models\sound_classifier.py:145 - Error in sound classification: Cannot set tensor: Dimension mismatch. Got 2 but expected 1 for input 0.
2025-05-06 04:17:17 - ERROR - src.models.sound_classifier - C:\Users\User\PycharmProjects\senseBridge\src\models\sound_classifier.py:145 - Error in sound classification: Cannot set tensor: Dimension mismatch. Got 2 but expected 1 for input 0.
2025-05-06 04:17:17 - ERROR - src.models.sound_classifier - C:\Users\User\PycharmProjects\senseBridge\src\models\sound_classifier.py:145 - Error in sound classification: Cannot set tensor: Dimension mismatch. Got 2 but expected 1 for input 0.
2025-05-06 04:17:17 - ERROR - src.models.sound_classifier - C:\Users\User\PycharmProjects\senseBridge\src\models\sound_classifier.py:145 - Error in sound classification: Cannot set tensor: Dimension mismatch. Got 2 but expected 1 for input 0.
2025-05-06 04:17:17 - ERROR - src.models.sound_classifier - C:\Users\User\PycharmProjects\senseBridge\src\models\sound_classifier.py:145 - Error in sound classification: Cannot set tensor: Dimension mismatch. Got 2 but expected 1 for input 0.
2025-05-06 04:17:17 - ERROR - src.models.sound_classifier - C:\Users\User\PycharmProjects\senseBridge\src\models\sound_classifier.py:145 - Error in sound classification: Cannot set tensor: Dimension mismatch. Got 2 but expected 1 for input 0.
2025-05-06 04:17:18 - ERROR - src.models.sound_classifier - C:\Users\User\PycharmProjects\senseBridge\src\models\sound_classifier.py:145 - Error in sound classification: Cannot set tensor: Dimension mismatch. Got 2 but expected 1 for input 0.
2025-05-06 04:17:18 - ERROR - src.models.sound_classifier - C:\Users\User\PycharmProjects\senseBridge\src\models\sound_classifier.py:145 - Error in sound classification: Cannot set tensor: Dimension mismatch. Got 2 but expected 1 for input 0.
2025-05-06 04:17:23 - INFO - src - C:\Users\User\PycharmProjects\senseBridge\src\main.py:230 - Sound detected: doorbell (confidence: 0.80)
2025-05-06 04:17:23 - INFO - src.notification.notification_manager - C:\Users\User\PycharmProjects\senseBridge\src\notification\notification_manager.py:122 - Notification queued: doorbell (confidence: 0.80)
2025-05-06 04:17:23 - INFO - src.notification.notification_manager - C:\Users\User\PycharmProjects\senseBridge\src\notification\notification_manager.py:172 - Notification sent: doorbell (priority: high)
2025-05-06 04:17:23 - INFO - src.gui.app - C:\Users\User\PycharmProjects\senseBridge\src\gui\app.py:69 - Notification: Detected: Doorbell (type: info)
2025-05-06 04:17:30 - INFO - src - C:\Users\User\PycharmProjects\senseBridge\src\main.py:230 - Sound detected: knock (confidence: 0.80)
2025-05-06 04:17:30 - INFO - src.notification.notification_manager - C:\Users\User\PycharmProjects\senseBridge\src\notification\notification_manager.py:122 - Notification queued: knock (confidence: 0.80)
2025-05-06 04:17:30 - INFO - src.notification.notification_manager - C:\Users\User\PycharmProjects\senseBridge\src\notification\notification_manager.py:172 - Notification sent: knock (priority: high)
2025-05-06 04:17:30 - INFO - src.gui.app - C:\Users\User\PycharmProjects\senseBridge\src\gui\app.py:69 - Notification: Detected: Knock (type: info)
2025-05-06 04:17:34 - INFO - src - C:\Users\User\PycharmProjects\senseBridge\src\main.py:230 - Sound detected: alarm (confidence: 0.80)
2025-05-06 04:17:34 - INFO - src.notification.notification_manager - C:\Users\User\PycharmProjects\senseBridge\src\notification\notification_manager.py:122 - Notification queued: alarm (confidence: 0.80)
2025-05-06 04:17:34 - INFO - src.notification.notification_manager - C:\Users\User\PycharmProjects\senseBridge\src\notification\notification_manager.py:172 - Notification sent: alarm (priority: high)
2025-05-06 04:17:34 - INFO - src.gui.app - C:\Users\User\PycharmProjects\senseBridge\src\gui\app.py:69 - Notification: Detected: Alarm (type: info)
2025-05-06 04:17:37 - INFO - src - C:\Users\User\PycharmProjects\senseBridge\src\main.py:230 - Sound detected: microwave_beep (confidence: 0.80)
2025-05-06 04:17:37 - INFO - src.notification.notification_manager - C:\Users\User\PycharmProjects\senseBridge\src\notification\notification_manager.py:122 - Notification queued: microwave_beep (confidence: 0.80)
2025-05-06 04:17:37 - INFO - src.notification.notification_manager - C:\Users\User\PycharmProjects\senseBridge\src\notification\notification_manager.py:172 - Notification sent: microwave_beep (priority: medium)
2025-05-06 04:17:37 - INFO - src.gui.app - C:\Users\User\PycharmProjects\senseBridge\src\gui\app.py:69 - Notification: Detected: Microwave_beep (type: info)
2025-05-06 04:17:47 - INFO - src - C:\Users\User\PycharmProjects\senseBridge\src\main.py:284 - Received signal 2, shutting down...
2025-05-06 04:17:47 - INFO - src - C:\Users\User\PycharmProjects\senseBridge\src\main.py:198 - Stopping SenseBridge...
2025-05-06 04:17:47 - INFO - src.simulator.simulator_ui - C:\Users\User\PycharmProjects\senseBridge\src\simulator\simulator_ui.py:66 - Simulator UI stopped
2025-05-06 04:17:47 - INFO - src.audio.audio_processor - C:\Users\User\PycharmProjects\senseBridge\src\audio\audio_processor.py:66 - Audio processor stopped
2025-05-06 04:17:47 - INFO - src.audio.sound_recognition - C:\Users\User\PycharmProjects\senseBridge\src\audio\sound_recognition.py:76 - Sound recognition stopped
2025-05-06 04:17:49 - INFO - src.speech.speech_to_text - C:\Users\User\PycharmProjects\senseBridge\src\speech\speech_to_text.py:143 - Speech to text stopped
2025-05-06 04:17:51 - INFO - src.hardware.wearable - C:\Users\User\PycharmProjects\senseBridge\src\hardware\wearable.py:89 - Wearable device manager stopped
2025-05-06 04:17:52 - INFO - src.notification.haptic_feedback - C:\Users\User\PycharmProjects\senseBridge\src\notification\haptic_feedback.py:109 - Haptic feedback system stopped
2025-05-06 04:17:52 - INFO - src.notification.visual_notification - C:\Users\User\PycharmProjects\senseBridge\src\notification\visual_notification.py:95 - Visual notification system stopped
2025-05-06 04:17:52 - INFO - src.notification.notification_manager - C:\Users\User\PycharmProjects\senseBridge\src\notification\notification_manager.py:99 - Notification manager stopped
2025-05-06 04:17:52 - INFO - src - C:\Users\User\PycharmProjects\senseBridge\src\main.py:220 - SenseBridge stopped
