2025-05-06 00:34:48 - INFO - root - C:\Users\User\PycharmProjects\senseBridge\src\utils\logger.py:68 - Logging initialized
2025-05-06 00:34:48 - INFO - src - C:\Users\User\PycharmProjects\senseBridge\src\main.py:47 - Initializing SenseBridge...
2025-05-06 00:34:48 - WARNING - src.utils.hardware_detection - C:\Users\User\PycharmProjects\senseBridge\src\utils\hardware_detection.py:80 - Bluetooth not available
2025-05-06 00:34:48 - INFO - src.utils.hardware_detection - C:\Users\User\PycharmProjects\senseBridge\src\utils\hardware_detection.py:22 - Hardware detection: Platform=Windows, RaspberryPi=False, GPIO=False, Audio=True, Bluetooth=False, Display=False
2025-05-06 00:34:48 - INFO - src - C:\Users\User\PycharmProjects\senseBridge\src\main.py:51 - Hardware capabilities: {'platform': 'Windows', 'is_raspberry_pi': False, 'has_gpio': False, 'has_audio': True, 'has_bluetooth': False, 'has_display': False}
2025-05-06 00:34:48 - WARNING - src - C:\Users\User\PycharmProjects\senseBridge\src\main.py:55 - No display detected, switching to headless mode
2025-05-06 00:34:48 - INFO - src - C:\Users\User\PycharmProjects\senseBridge\src\main.py:63 - Running in simulation mode
2025-05-06 00:34:48 - INFO - src.utils.config - C:\Users\User\PycharmProjects\senseBridge\src\utils\config.py:62 - Device configuration loaded
2025-05-06 00:34:48 - INFO - src.utils.config - C:\Users\User\PycharmProjects\senseBridge\src\utils\config.py:109 - Sound events configuration loaded
2025-05-06 00:34:48 - INFO - src.utils.config - C:\Users\User\PycharmProjects\senseBridge\src\utils\config.py:164 - User preferences loaded
2025-05-06 00:34:48 - INFO - src.utils.config - C:\Users\User\PycharmProjects\senseBridge\src\utils\config.py:48 - Config manager initialized
2025-05-06 00:34:48 - INFO - src.hardware.device_control - C:\Users\User\PycharmProjects\senseBridge\src\hardware\device_control.py:63 - DeviceController initialized
2025-05-06 00:34:48 - WARNING - root - C:\Users\User\PycharmProjects\senseBridge\src\notification\haptic_feedback.py:14 - Real bluetooth module not available, using mock
2025-05-06 00:34:48 - INFO - src.notification.haptic_feedback - C:\Users\User\PycharmProjects\senseBridge\src\notification\haptic_feedback.py:69 - HapticFeedback initialized
2025-05-06 00:34:48 - INFO - src.notification.visual_notification - C:\Users\User\PycharmProjects\senseBridge\src\notification\visual_notification.py:55 - VisualNotification initialized
2025-05-06 00:34:48 - INFO - src.notification.notification_manager - C:\Users\User\PycharmProjects\senseBridge\src\notification\notification_manager.py:51 - NotificationManager initialized
2025-05-06 00:34:48 - INFO - src.hardware.wearable - C:\Users\User\PycharmProjects\senseBridge\src\hardware\wearable.py:50 - WearableDevice initialized
2025-05-06 00:34:48 - INFO - src.speech.speech_to_text - C:\Users\User\PycharmProjects\senseBridge\src\speech\speech_to_text.py:48 - SpeechToText initialized
2025-05-06 00:34:48 - INFO - src.audio.audio_processor - C:\Users\User\PycharmProjects\senseBridge\src\audio\audio_processor.py:36 - AudioProcessor initialized with sample rate: 16000 Hz
2025-05-06 00:34:48 - INFO - src.models.sound_classifier - C:\Users\User\PycharmProjects\senseBridge\src\models\sound_classifier.py:45 - SoundClassifier initialized
2025-05-06 00:34:48 - INFO - src.audio.sound_recognition - C:\Users\User\PycharmProjects\senseBridge\src\audio\sound_recognition.py:46 - SoundRecognition initialized with sensitivity: 0.70
2025-05-06 00:34:48 - INFO - src.gui.app - C:\Users\User\PycharmProjects\senseBridge\src\gui\app.py:31 - SenseBridgeApp initializing...
2025-05-06 00:34:48 - INFO - src.gui.app - C:\Users\User\PycharmProjects\senseBridge\src\gui\app.py:54 - Running in headless mode
2025-05-06 00:34:48 - INFO - src - C:\Users\User\PycharmProjects\senseBridge\src\main.py:126 - Simulator UI created
2025-05-06 00:34:48 - INFO - src - C:\Users\User\PycharmProjects\senseBridge\src\main.py:85 - SenseBridge initialized
2025-05-06 00:34:48 - INFO - src - C:\Users\User\PycharmProjects\senseBridge\src\main.py:132 - Starting SenseBridge...
2025-05-06 00:34:48 - INFO - src.notification.haptic_feedback - C:\Users\User\PycharmProjects\senseBridge\src\notification\haptic_feedback.py:88 - Haptic feedback system started
2025-05-06 00:34:48 - INFO - src.notification.visual_notification - C:\Users\User\PycharmProjects\senseBridge\src\notification\visual_notification.py:75 - Visual notification system started
2025-05-06 00:34:48 - INFO - src.notification.notification_manager - C:\Users\User\PycharmProjects\senseBridge\src\notification\notification_manager.py:76 - Notification manager started
2025-05-06 00:34:48 - WARNING - src.hardware.wearable - C:\Users\User\PycharmProjects\senseBridge\src\hardware\wearable.py:139 - No wearable MAC address configured
2025-05-06 00:34:48 - INFO - src.hardware.wearable - C:\Users\User\PycharmProjects\senseBridge\src\hardware\wearable.py:70 - Wearable device manager started
2025-05-06 00:34:48 - INFO - src.speech.speech_to_text - C:\Users\User\PycharmProjects\senseBridge\src\speech\speech_to_text.py:66 - Available microphones: ['Microsoft Sound Mapper - Input', 'Microphone Array (Realtek(R) Au', 'Microsoft Sound Mapper - Output', 'Speakers (Realtek(R) Audio)', 'Primary Sound Capture Driver', 'Microphone Array (Realtek(R) Audio)', 'Primary Sound Driver', 'Speakers (Realtek(R) Audio)', 'Speakers (Realtek(R) Audio)', 'Microphone Array (Realtek(R) Audio)', 'Headphones 1 (Realtek HD Audio 2nd output with SST)', 'Headphones 2 (Realtek HD Audio 2nd output with SST)', 'PC Speaker (Realtek HD Audio 2nd output with SST)', 'Microphone Array 1 (Realtek HD Audio Mic input with SST)', 'Microphone Array 2 (Realtek HD Audio Mic input with SST)', 'Microphone Array 3 (Realtek HD Audio Mic input with SST)', 'FrontMic (Realtek HD Audio Front Mic input)', 'Stereo Mix (Realtek HD Audio Stereo input)', 'Speakers 1 (Realtek HD Audio output with SST)', 'Speakers 2 (Realtek HD Audio output with SST)', 'PC Speaker (Realtek HD Audio output with SST)']
2025-05-06 00:34:52 - INFO - src.speech.speech_to_text - C:\Users\User\PycharmProjects\senseBridge\src\speech\speech_to_text.py:73 - Adjusting for ambient noise...
2025-05-06 00:34:53 - WARNING - src.hardware.wearable - C:\Users\User\PycharmProjects\senseBridge\src\hardware\wearable.py:139 - No wearable MAC address configured
2025-05-06 00:34:53 - INFO - src.speech.speech_to_text - C:\Users\User\PycharmProjects\senseBridge\src\speech\speech_to_text.py:76 - Energy threshold set to 58.83971141454725
2025-05-06 00:34:53 - INFO - src.speech.speech_to_text - C:\Users\User\PycharmProjects\senseBridge\src\speech\speech_to_text.py:111 - Starting continuous speech recognition
2025-05-06 00:34:53 - INFO - src.speech.speech_to_text - C:\Users\User\PycharmProjects\senseBridge\src\speech\speech_to_text.py:88 - Speech to text started
2025-05-06 00:34:53 - INFO - src.audio.audio_processor - C:\Users\User\PycharmProjects\senseBridge\src\audio\audio_processor.py:48 - Audio processor started
2025-05-06 00:34:53 - INFO - src.models.sound_classifier - C:\Users\User\PycharmProjects\senseBridge\src\models\sound_classifier.py:54 - Loading sound classification model...
2025-05-06 00:34:53 - ERROR - src.models.sound_classifier - C:\Users\User\PycharmProjects\senseBridge\src\models\sound_classifier.py:78 - Error loading sound model: Could not open 'models\yamnet_model\yamnet.tflite'.
2025-05-06 00:34:53 - INFO - src.audio.sound_recognition - C:\Users\User\PycharmProjects\senseBridge\src\audio\sound_recognition.py:123 - Calibrating ambient noise level...
2025-05-06 00:34:53 - INFO - src.audio.sound_recognition - C:\Users\User\PycharmProjects\senseBridge\src\audio\sound_recognition.py:63 - Sound recognition started
2025-05-06 00:34:54 - ERROR - src.speech.speech_to_text - C:\Users\User\PycharmProjects\senseBridge\src\speech\speech_to_text.py:142 - Error in speech recognition: Audio source must be entered before listening, see documentation for ``AudioSource``; are you using ``source`` outside of a ``with`` statement?
2025-05-06 00:34:54 - ERROR - src.audio.audio_processor - C:\Users\User\PycharmProjects\senseBridge\src\audio\audio_processor.py:89 - Error in audio capture: [Errno -9996] Invalid device
2025-05-06 00:34:54 - INFO - src.simulator.simulator_ui - C:\Users\User\PycharmProjects\senseBridge\src\simulator\simulator_ui.py:54 - Simulator UI started
2025-05-06 00:34:54 - INFO - src.gui.app - C:\Users\User\PycharmProjects\senseBridge\src\gui\app.py:69 - Notification: SenseBridge is ready! (type: info)
2025-05-06 00:34:54 - INFO - src - C:\Users\User\PycharmProjects\senseBridge\src\main.py:160 - SenseBridge started
2025-05-06 00:34:54 - INFO - src - C:\Users\User\PycharmProjects\senseBridge\src\main.py:164 - Starting GUI main loop
2025-05-06 00:34:54 - ERROR - src.speech.speech_to_text - C:\Users\User\PycharmProjects\senseBridge\src\speech\speech_to_text.py:142 - Error in speech recognition: Audio source must be entered before listening, see documentation for ``AudioSource``; are you using ``source`` outside of a ``with`` statement?
2025-05-06 00:34:55 - ERROR - src.speech.speech_to_text - C:\Users\User\PycharmProjects\senseBridge\src\speech\speech_to_text.py:142 - Error in speech recognition: Audio source must be entered before listening, see documentation for ``AudioSource``; are you using ``source`` outside of a ``with`` statement?
2025-05-06 00:34:55 - ERROR - src.speech.speech_to_text - C:\Users\User\PycharmProjects\senseBridge\src\speech\speech_to_text.py:142 - Error in speech recognition: Audio source must be entered before listening, see documentation for ``AudioSource``; are you using ``source`` outside of a ``with`` statement?
2025-05-06 00:34:56 - ERROR - src.speech.speech_to_text - C:\Users\User\PycharmProjects\senseBridge\src\speech\speech_to_text.py:142 - Error in speech recognition: Audio source must be entered before listening, see documentation for ``AudioSource``; are you using ``source`` outside of a ``with`` statement?
2025-05-06 00:34:56 - WARNING - src.audio.sound_recognition - C:\Users\User\PycharmProjects\senseBridge\src\audio\sound_recognition.py:140 - Failed to calibrate ambient noise level
2025-05-06 00:34:56 - ERROR - src.speech.speech_to_text - C:\Users\User\PycharmProjects\senseBridge\src\speech\speech_to_text.py:142 - Error in speech recognition: Audio source must be entered before listening, see documentation for ``AudioSource``; are you using ``source`` outside of a ``with`` statement?
2025-05-06 00:34:57 - ERROR - src.speech.speech_to_text - C:\Users\User\PycharmProjects\senseBridge\src\speech\speech_to_text.py:142 - Error in speech recognition: Audio source must be entered before listening, see documentation for ``AudioSource``; are you using ``source`` outside of a ``with`` statement?
2025-05-06 00:34:57 - ERROR - src.speech.speech_to_text - C:\Users\User\PycharmProjects\senseBridge\src\speech\speech_to_text.py:142 - Error in speech recognition: Audio source must be entered before listening, see documentation for ``AudioSource``; are you using ``source`` outside of a ``with`` statement?
2025-05-06 00:34:58 - ERROR - src.speech.speech_to_text - C:\Users\User\PycharmProjects\senseBridge\src\speech\speech_to_text.py:142 - Error in speech recognition: Audio source must be entered before listening, see documentation for ``AudioSource``; are you using ``source`` outside of a ``with`` statement?
2025-05-06 00:34:58 - WARNING - src.hardware.wearable - C:\Users\User\PycharmProjects\senseBridge\src\hardware\wearable.py:139 - No wearable MAC address configured
2025-05-06 00:34:58 - ERROR - src.speech.speech_to_text - C:\Users\User\PycharmProjects\senseBridge\src\speech\speech_to_text.py:142 - Error in speech recognition: Audio source must be entered before listening, see documentation for ``AudioSource``; are you using ``source`` outside of a ``with`` statement?
2025-05-06 00:34:59 - ERROR - src.speech.speech_to_text - C:\Users\User\PycharmProjects\senseBridge\src\speech\speech_to_text.py:142 - Error in speech recognition: Audio source must be entered before listening, see documentation for ``AudioSource``; are you using ``source`` outside of a ``with`` statement?
2025-05-06 00:34:59 - ERROR - src.speech.speech_to_text - C:\Users\User\PycharmProjects\senseBridge\src\speech\speech_to_text.py:142 - Error in speech recognition: Audio source must be entered before listening, see documentation for ``AudioSource``; are you using ``source`` outside of a ``with`` statement?
2025-05-06 00:35:00 - ERROR - src.speech.speech_to_text - C:\Users\User\PycharmProjects\senseBridge\src\speech\speech_to_text.py:142 - Error in speech recognition: Audio source must be entered before listening, see documentation for ``AudioSource``; are you using ``source`` outside of a ``with`` statement?
2025-05-06 00:35:00 - ERROR - src.speech.speech_to_text - C:\Users\User\PycharmProjects\senseBridge\src\speech\speech_to_text.py:142 - Error in speech recognition: Audio source must be entered before listening, see documentation for ``AudioSource``; are you using ``source`` outside of a ``with`` statement?
2025-05-06 00:35:01 - ERROR - src.speech.speech_to_text - C:\Users\User\PycharmProjects\senseBridge\src\speech\speech_to_text.py:142 - Error in speech recognition: Audio source must be entered before listening, see documentation for ``AudioSource``; are you using ``source`` outside of a ``with`` statement?
2025-05-06 00:35:01 - ERROR - src.speech.speech_to_text - C:\Users\User\PycharmProjects\senseBridge\src\speech\speech_to_text.py:142 - Error in speech recognition: Audio source must be entered before listening, see documentation for ``AudioSource``; are you using ``source`` outside of a ``with`` statement?
2025-05-06 00:35:02 - ERROR - src.speech.speech_to_text - C:\Users\User\PycharmProjects\senseBridge\src\speech\speech_to_text.py:142 - Error in speech recognition: Audio source must be entered before listening, see documentation for ``AudioSource``; are you using ``source`` outside of a ``with`` statement?
2025-05-06 00:35:02 - ERROR - src.speech.speech_to_text - C:\Users\User\PycharmProjects\senseBridge\src\speech\speech_to_text.py:142 - Error in speech recognition: Audio source must be entered before listening, see documentation for ``AudioSource``; are you using ``source`` outside of a ``with`` statement?
2025-05-06 00:35:03 - ERROR - src.speech.speech_to_text - C:\Users\User\PycharmProjects\senseBridge\src\speech\speech_to_text.py:142 - Error in speech recognition: Audio source must be entered before listening, see documentation for ``AudioSource``; are you using ``source`` outside of a ``with`` statement?
2025-05-06 00:35:03 - WARNING - src.hardware.wearable - C:\Users\User\PycharmProjects\senseBridge\src\hardware\wearable.py:139 - No wearable MAC address configured
2025-05-06 00:35:03 - ERROR - src.speech.speech_to_text - C:\Users\User\PycharmProjects\senseBridge\src\speech\speech_to_text.py:142 - Error in speech recognition: Audio source must be entered before listening, see documentation for ``AudioSource``; are you using ``source`` outside of a ``with`` statement?
2025-05-06 00:35:04 - ERROR - src.speech.speech_to_text - C:\Users\User\PycharmProjects\senseBridge\src\speech\speech_to_text.py:142 - Error in speech recognition: Audio source must be entered before listening, see documentation for ``AudioSource``; are you using ``source`` outside of a ``with`` statement?
2025-05-06 00:35:04 - ERROR - src.speech.speech_to_text - C:\Users\User\PycharmProjects\senseBridge\src\speech\speech_to_text.py:142 - Error in speech recognition: Audio source must be entered before listening, see documentation for ``AudioSource``; are you using ``source`` outside of a ``with`` statement?
2025-05-06 00:35:05 - ERROR - src.speech.speech_to_text - C:\Users\User\PycharmProjects\senseBridge\src\speech\speech_to_text.py:142 - Error in speech recognition: Audio source must be entered before listening, see documentation for ``AudioSource``; are you using ``source`` outside of a ``with`` statement?
2025-05-06 00:35:05 - ERROR - src.speech.speech_to_text - C:\Users\User\PycharmProjects\senseBridge\src\speech\speech_to_text.py:142 - Error in speech recognition: Audio source must be entered before listening, see documentation for ``AudioSource``; are you using ``source`` outside of a ``with`` statement?
2025-05-06 00:35:06 - ERROR - src.speech.speech_to_text - C:\Users\User\PycharmProjects\senseBridge\src\speech\speech_to_text.py:142 - Error in speech recognition: Audio source must be entered before listening, see documentation for ``AudioSource``; are you using ``source`` outside of a ``with`` statement?
2025-05-06 00:35:06 - ERROR - src.speech.speech_to_text - C:\Users\User\PycharmProjects\senseBridge\src\speech\speech_to_text.py:142 - Error in speech recognition: Audio source must be entered before listening, see documentation for ``AudioSource``; are you using ``source`` outside of a ``with`` statement?
2025-05-06 00:35:07 - ERROR - src.speech.speech_to_text - C:\Users\User\PycharmProjects\senseBridge\src\speech\speech_to_text.py:142 - Error in speech recognition: Audio source must be entered before listening, see documentation for ``AudioSource``; are you using ``source`` outside of a ``with`` statement?
2025-05-06 00:35:07 - ERROR - src.speech.speech_to_text - C:\Users\User\PycharmProjects\senseBridge\src\speech\speech_to_text.py:142 - Error in speech recognition: Audio source must be entered before listening, see documentation for ``AudioSource``; are you using ``source`` outside of a ``with`` statement?
2025-05-06 00:35:08 - ERROR - src.speech.speech_to_text - C:\Users\User\PycharmProjects\senseBridge\src\speech\speech_to_text.py:142 - Error in speech recognition: Audio source must be entered before listening, see documentation for ``AudioSource``; are you using ``source`` outside of a ``with`` statement?
2025-05-06 00:35:08 - WARNING - src.hardware.wearable - C:\Users\User\PycharmProjects\senseBridge\src\hardware\wearable.py:139 - No wearable MAC address configured
2025-05-06 00:35:08 - ERROR - src.speech.speech_to_text - C:\Users\User\PycharmProjects\senseBridge\src\speech\speech_to_text.py:142 - Error in speech recognition: Audio source must be entered before listening, see documentation for ``AudioSource``; are you using ``source`` outside of a ``with`` statement?
2025-05-06 00:35:09 - ERROR - src.speech.speech_to_text - C:\Users\User\PycharmProjects\senseBridge\src\speech\speech_to_text.py:142 - Error in speech recognition: Audio source must be entered before listening, see documentation for ``AudioSource``; are you using ``source`` outside of a ``with`` statement?
2025-05-06 00:35:09 - ERROR - src.speech.speech_to_text - C:\Users\User\PycharmProjects\senseBridge\src\speech\speech_to_text.py:142 - Error in speech recognition: Audio source must be entered before listening, see documentation for ``AudioSource``; are you using ``source`` outside of a ``with`` statement?
2025-05-06 00:35:10 - ERROR - src.speech.speech_to_text - C:\Users\User\PycharmProjects\senseBridge\src\speech\speech_to_text.py:142 - Error in speech recognition: Audio source must be entered before listening, see documentation for ``AudioSource``; are you using ``source`` outside of a ``with`` statement?
2025-05-06 00:35:10 - ERROR - src.speech.speech_to_text - C:\Users\User\PycharmProjects\senseBridge\src\speech\speech_to_text.py:142 - Error in speech recognition: Audio source must be entered before listening, see documentation for ``AudioSource``; are you using ``source`` outside of a ``with`` statement?
2025-05-06 00:35:11 - INFO - src - C:\Users\User\PycharmProjects\senseBridge\src\main.py:230 - Sound detected: doorbell (confidence: 0.80)
2025-05-06 00:35:11 - INFO - src.notification.notification_manager - C:\Users\User\PycharmProjects\senseBridge\src\notification\notification_manager.py:122 - Notification queued: doorbell (confidence: 0.80)
2025-05-06 00:35:11 - INFO - src.notification.notification_manager - C:\Users\User\PycharmProjects\senseBridge\src\notification\notification_manager.py:172 - Notification sent: doorbell (priority: high)
2025-05-06 00:35:11 - INFO - src.gui.app - C:\Users\User\PycharmProjects\senseBridge\src\gui\app.py:69 - Notification: Detected: Doorbell (type: info)
2025-05-06 00:35:11 - ERROR - src.speech.speech_to_text - C:\Users\User\PycharmProjects\senseBridge\src\speech\speech_to_text.py:142 - Error in speech recognition: Audio source must be entered before listening, see documentation for ``AudioSource``; are you using ``source`` outside of a ``with`` statement?
2025-05-06 00:35:11 - ERROR - src.speech.speech_to_text - C:\Users\User\PycharmProjects\senseBridge\src\speech\speech_to_text.py:142 - Error in speech recognition: Audio source must be entered before listening, see documentation for ``AudioSource``; are you using ``source`` outside of a ``with`` statement?
2025-05-06 00:35:12 - ERROR - src.speech.speech_to_text - C:\Users\User\PycharmProjects\senseBridge\src\speech\speech_to_text.py:142 - Error in speech recognition: Audio source must be entered before listening, see documentation for ``AudioSource``; are you using ``source`` outside of a ``with`` statement?
2025-05-06 00:35:12 - ERROR - src.speech.speech_to_text - C:\Users\User\PycharmProjects\senseBridge\src\speech\speech_to_text.py:142 - Error in speech recognition: Audio source must be entered before listening, see documentation for ``AudioSource``; are you using ``source`` outside of a ``with`` statement?
2025-05-06 00:35:13 - ERROR - src.speech.speech_to_text - C:\Users\User\PycharmProjects\senseBridge\src\speech\speech_to_text.py:142 - Error in speech recognition: Audio source must be entered before listening, see documentation for ``AudioSource``; are you using ``source`` outside of a ``with`` statement?
2025-05-06 00:35:13 - WARNING - src.hardware.wearable - C:\Users\User\PycharmProjects\senseBridge\src\hardware\wearable.py:139 - No wearable MAC address configured
2025-05-06 00:35:13 - ERROR - src.speech.speech_to_text - C:\Users\User\PycharmProjects\senseBridge\src\speech\speech_to_text.py:142 - Error in speech recognition: Audio source must be entered before listening, see documentation for ``AudioSource``; are you using ``source`` outside of a ``with`` statement?
2025-05-06 00:35:14 - ERROR - src.speech.speech_to_text - C:\Users\User\PycharmProjects\senseBridge\src\speech\speech_to_text.py:142 - Error in speech recognition: Audio source must be entered before listening, see documentation for ``AudioSource``; are you using ``source`` outside of a ``with`` statement?
2025-05-06 00:35:14 - ERROR - src.speech.speech_to_text - C:\Users\User\PycharmProjects\senseBridge\src\speech\speech_to_text.py:142 - Error in speech recognition: Audio source must be entered before listening, see documentation for ``AudioSource``; are you using ``source`` outside of a ``with`` statement?
2025-05-06 00:35:15 - ERROR - src.speech.speech_to_text - C:\Users\User\PycharmProjects\senseBridge\src\speech\speech_to_text.py:142 - Error in speech recognition: Audio source must be entered before listening, see documentation for ``AudioSource``; are you using ``source`` outside of a ``with`` statement?
2025-05-06 00:35:15 - ERROR - src.speech.speech_to_text - C:\Users\User\PycharmProjects\senseBridge\src\speech\speech_to_text.py:142 - Error in speech recognition: Audio source must be entered before listening, see documentation for ``AudioSource``; are you using ``source`` outside of a ``with`` statement?
2025-05-06 00:35:16 - ERROR - src.speech.speech_to_text - C:\Users\User\PycharmProjects\senseBridge\src\speech\speech_to_text.py:142 - Error in speech recognition: Audio source must be entered before listening, see documentation for ``AudioSource``; are you using ``source`` outside of a ``with`` statement?
2025-05-06 00:35:16 - ERROR - src.speech.speech_to_text - C:\Users\User\PycharmProjects\senseBridge\src\speech\speech_to_text.py:142 - Error in speech recognition: Audio source must be entered before listening, see documentation for ``AudioSource``; are you using ``source`` outside of a ``with`` statement?
2025-05-06 00:35:17 - ERROR - src.speech.speech_to_text - C:\Users\User\PycharmProjects\senseBridge\src\speech\speech_to_text.py:142 - Error in speech recognition: Audio source must be entered before listening, see documentation for ``AudioSource``; are you using ``source`` outside of a ``with`` statement?
2025-05-06 00:35:17 - ERROR - src.speech.speech_to_text - C:\Users\User\PycharmProjects\senseBridge\src\speech\speech_to_text.py:142 - Error in speech recognition: Audio source must be entered before listening, see documentation for ``AudioSource``; are you using ``source`` outside of a ``with`` statement?
2025-05-06 00:35:17 - INFO - src - C:\Users\User\PycharmProjects\senseBridge\src\main.py:230 - Sound detected: knock (confidence: 0.80)
2025-05-06 00:35:17 - INFO - src.notification.notification_manager - C:\Users\User\PycharmProjects\senseBridge\src\notification\notification_manager.py:122 - Notification queued: knock (confidence: 0.80)
2025-05-06 00:35:17 - INFO - src.notification.notification_manager - C:\Users\User\PycharmProjects\senseBridge\src\notification\notification_manager.py:172 - Notification sent: knock (priority: high)
2025-05-06 00:35:17 - INFO - src.gui.app - C:\Users\User\PycharmProjects\senseBridge\src\gui\app.py:69 - Notification: Detected: Knock (type: info)
2025-05-06 00:35:18 - WARNING - src.hardware.wearable - C:\Users\User\PycharmProjects\senseBridge\src\hardware\wearable.py:139 - No wearable MAC address configured
2025-05-06 00:35:18 - ERROR - src.speech.speech_to_text - C:\Users\User\PycharmProjects\senseBridge\src\speech\speech_to_text.py:142 - Error in speech recognition: Audio source must be entered before listening, see documentation for ``AudioSource``; are you using ``source`` outside of a ``with`` statement?
2025-05-06 00:35:18 - ERROR - src.speech.speech_to_text - C:\Users\User\PycharmProjects\senseBridge\src\speech\speech_to_text.py:142 - Error in speech recognition: Audio source must be entered before listening, see documentation for ``AudioSource``; are you using ``source`` outside of a ``with`` statement?
2025-05-06 00:35:19 - ERROR - src.speech.speech_to_text - C:\Users\User\PycharmProjects\senseBridge\src\speech\speech_to_text.py:142 - Error in speech recognition: Audio source must be entered before listening, see documentation for ``AudioSource``; are you using ``source`` outside of a ``with`` statement?
2025-05-06 00:35:19 - ERROR - src.speech.speech_to_text - C:\Users\User\PycharmProjects\senseBridge\src\speech\speech_to_text.py:142 - Error in speech recognition: Audio source must be entered before listening, see documentation for ``AudioSource``; are you using ``source`` outside of a ``with`` statement?
2025-05-06 00:35:20 - ERROR - src.speech.speech_to_text - C:\Users\User\PycharmProjects\senseBridge\src\speech\speech_to_text.py:142 - Error in speech recognition: Audio source must be entered before listening, see documentation for ``AudioSource``; are you using ``source`` outside of a ``with`` statement?
2025-05-06 00:35:20 - ERROR - src.speech.speech_to_text - C:\Users\User\PycharmProjects\senseBridge\src\speech\speech_to_text.py:142 - Error in speech recognition: Audio source must be entered before listening, see documentation for ``AudioSource``; are you using ``source`` outside of a ``with`` statement?
2025-05-06 00:35:21 - ERROR - src.speech.speech_to_text - C:\Users\User\PycharmProjects\senseBridge\src\speech\speech_to_text.py:142 - Error in speech recognition: Audio source must be entered before listening, see documentation for ``AudioSource``; are you using ``source`` outside of a ``with`` statement?
2025-05-06 00:35:21 - ERROR - src.speech.speech_to_text - C:\Users\User\PycharmProjects\senseBridge\src\speech\speech_to_text.py:142 - Error in speech recognition: Audio source must be entered before listening, see documentation for ``AudioSource``; are you using ``source`` outside of a ``with`` statement?
2025-05-06 00:35:22 - ERROR - src.speech.speech_to_text - C:\Users\User\PycharmProjects\senseBridge\src\speech\speech_to_text.py:142 - Error in speech recognition: Audio source must be entered before listening, see documentation for ``AudioSource``; are you using ``source`` outside of a ``with`` statement?
2025-05-06 00:35:22 - INFO - src - C:\Users\User\PycharmProjects\senseBridge\src\main.py:230 - Sound detected: alarm (confidence: 0.80)
2025-05-06 00:35:22 - INFO - src.notification.notification_manager - C:\Users\User\PycharmProjects\senseBridge\src\notification\notification_manager.py:122 - Notification queued: alarm (confidence: 0.80)
2025-05-06 00:35:22 - INFO - src.notification.notification_manager - C:\Users\User\PycharmProjects\senseBridge\src\notification\notification_manager.py:172 - Notification sent: alarm (priority: high)
2025-05-06 00:35:22 - INFO - src.gui.app - C:\Users\User\PycharmProjects\senseBridge\src\gui\app.py:69 - Notification: Detected: Alarm (type: info)
2025-05-06 00:35:22 - ERROR - src.speech.speech_to_text - C:\Users\User\PycharmProjects\senseBridge\src\speech\speech_to_text.py:142 - Error in speech recognition: Audio source must be entered before listening, see documentation for ``AudioSource``; are you using ``source`` outside of a ``with`` statement?
2025-05-06 00:35:23 - WARNING - src.hardware.wearable - C:\Users\User\PycharmProjects\senseBridge\src\hardware\wearable.py:139 - No wearable MAC address configured
2025-05-06 00:35:23 - ERROR - src.speech.speech_to_text - C:\Users\User\PycharmProjects\senseBridge\src\speech\speech_to_text.py:142 - Error in speech recognition: Audio source must be entered before listening, see documentation for ``AudioSource``; are you using ``source`` outside of a ``with`` statement?
2025-05-06 00:35:23 - ERROR - src.speech.speech_to_text - C:\Users\User\PycharmProjects\senseBridge\src\speech\speech_to_text.py:142 - Error in speech recognition: Audio source must be entered before listening, see documentation for ``AudioSource``; are you using ``source`` outside of a ``with`` statement?
2025-05-06 00:35:24 - ERROR - src.speech.speech_to_text - C:\Users\User\PycharmProjects\senseBridge\src\speech\speech_to_text.py:142 - Error in speech recognition: Audio source must be entered before listening, see documentation for ``AudioSource``; are you using ``source`` outside of a ``with`` statement?
2025-05-06 00:35:24 - ERROR - src.speech.speech_to_text - C:\Users\User\PycharmProjects\senseBridge\src\speech\speech_to_text.py:142 - Error in speech recognition: Audio source must be entered before listening, see documentation for ``AudioSource``; are you using ``source`` outside of a ``with`` statement?
2025-05-06 00:35:25 - ERROR - src.speech.speech_to_text - C:\Users\User\PycharmProjects\senseBridge\src\speech\speech_to_text.py:142 - Error in speech recognition: Audio source must be entered before listening, see documentation for ``AudioSource``; are you using ``source`` outside of a ``with`` statement?
2025-05-06 00:35:25 - ERROR - src.speech.speech_to_text - C:\Users\User\PycharmProjects\senseBridge\src\speech\speech_to_text.py:142 - Error in speech recognition: Audio source must be entered before listening, see documentation for ``AudioSource``; are you using ``source`` outside of a ``with`` statement?
2025-05-06 00:35:26 - ERROR - src.speech.speech_to_text - C:\Users\User\PycharmProjects\senseBridge\src\speech\speech_to_text.py:142 - Error in speech recognition: Audio source must be entered before listening, see documentation for ``AudioSource``; are you using ``source`` outside of a ``with`` statement?
2025-05-06 00:35:26 - ERROR - src.speech.speech_to_text - C:\Users\User\PycharmProjects\senseBridge\src\speech\speech_to_text.py:142 - Error in speech recognition: Audio source must be entered before listening, see documentation for ``AudioSource``; are you using ``source`` outside of a ``with`` statement?
2025-05-06 00:35:27 - ERROR - src.speech.speech_to_text - C:\Users\User\PycharmProjects\senseBridge\src\speech\speech_to_text.py:142 - Error in speech recognition: Audio source must be entered before listening, see documentation for ``AudioSource``; are you using ``source`` outside of a ``with`` statement?
2025-05-06 00:35:27 - ERROR - src.speech.speech_to_text - C:\Users\User\PycharmProjects\senseBridge\src\speech\speech_to_text.py:142 - Error in speech recognition: Audio source must be entered before listening, see documentation for ``AudioSource``; are you using ``source`` outside of a ``with`` statement?
2025-05-06 00:35:27 - INFO - src - C:\Users\User\PycharmProjects\senseBridge\src\main.py:264 - Button pressed
2025-05-06 00:35:27 - INFO - src.notification.notification_manager - C:\Users\User\PycharmProjects\senseBridge\src\notification\notification_manager.py:122 - Notification queued: doorbell (confidence: 1.00)
2025-05-06 00:35:27 - INFO - src.notification.notification_manager - C:\Users\User\PycharmProjects\senseBridge\src\notification\notification_manager.py:172 - Notification sent: doorbell (priority: high)
2025-05-06 00:35:27 - INFO - src.gui.app - C:\Users\User\PycharmProjects\senseBridge\src\gui\app.py:69 - Notification: Button pressed (type: info)
2025-05-06 00:35:28 - WARNING - src.hardware.wearable - C:\Users\User\PycharmProjects\senseBridge\src\hardware\wearable.py:139 - No wearable MAC address configured
2025-05-06 00:35:28 - ERROR - src.speech.speech_to_text - C:\Users\User\PycharmProjects\senseBridge\src\speech\speech_to_text.py:142 - Error in speech recognition: Audio source must be entered before listening, see documentation for ``AudioSource``; are you using ``source`` outside of a ``with`` statement?
2025-05-06 00:35:28 - ERROR - src.speech.speech_to_text - C:\Users\User\PycharmProjects\senseBridge\src\speech\speech_to_text.py:142 - Error in speech recognition: Audio source must be entered before listening, see documentation for ``AudioSource``; are you using ``source`` outside of a ``with`` statement?
2025-05-06 00:35:29 - ERROR - src.speech.speech_to_text - C:\Users\User\PycharmProjects\senseBridge\src\speech\speech_to_text.py:142 - Error in speech recognition: Audio source must be entered before listening, see documentation for ``AudioSource``; are you using ``source`` outside of a ``with`` statement?
2025-05-06 00:35:29 - ERROR - src.speech.speech_to_text - C:\Users\User\PycharmProjects\senseBridge\src\speech\speech_to_text.py:142 - Error in speech recognition: Audio source must be entered before listening, see documentation for ``AudioSource``; are you using ``source`` outside of a ``with`` statement?
2025-05-06 00:35:30 - ERROR - src.speech.speech_to_text - C:\Users\User\PycharmProjects\senseBridge\src\speech\speech_to_text.py:142 - Error in speech recognition: Audio source must be entered before listening, see documentation for ``AudioSource``; are you using ``source`` outside of a ``with`` statement?
2025-05-06 00:35:30 - ERROR - src.speech.speech_to_text - C:\Users\User\PycharmProjects\senseBridge\src\speech\speech_to_text.py:142 - Error in speech recognition: Audio source must be entered before listening, see documentation for ``AudioSource``; are you using ``source`` outside of a ``with`` statement?
2025-05-06 00:35:31 - ERROR - src.speech.speech_to_text - C:\Users\User\PycharmProjects\senseBridge\src\speech\speech_to_text.py:142 - Error in speech recognition: Audio source must be entered before listening, see documentation for ``AudioSource``; are you using ``source`` outside of a ``with`` statement?
2025-05-06 00:35:31 - ERROR - src.speech.speech_to_text - C:\Users\User\PycharmProjects\senseBridge\src\speech\speech_to_text.py:142 - Error in speech recognition: Audio source must be entered before listening, see documentation for ``AudioSource``; are you using ``source`` outside of a ``with`` statement?
2025-05-06 00:35:32 - ERROR - src.speech.speech_to_text - C:\Users\User\PycharmProjects\senseBridge\src\speech\speech_to_text.py:142 - Error in speech recognition: Audio source must be entered before listening, see documentation for ``AudioSource``; are you using ``source`` outside of a ``with`` statement?
2025-05-06 00:35:32 - ERROR - src.speech.speech_to_text - C:\Users\User\PycharmProjects\senseBridge\src\speech\speech_to_text.py:142 - Error in speech recognition: Audio source must be entered before listening, see documentation for ``AudioSource``; are you using ``source`` outside of a ``with`` statement?
2025-05-06 00:35:33 - WARNING - src.hardware.wearable - C:\Users\User\PycharmProjects\senseBridge\src\hardware\wearable.py:139 - No wearable MAC address configured
2025-05-06 00:35:33 - ERROR - src.speech.speech_to_text - C:\Users\User\PycharmProjects\senseBridge\src\speech\speech_to_text.py:142 - Error in speech recognition: Audio source must be entered before listening, see documentation for ``AudioSource``; are you using ``source`` outside of a ``with`` statement?
2025-05-06 00:35:33 - ERROR - src.speech.speech_to_text - C:\Users\User\PycharmProjects\senseBridge\src\speech\speech_to_text.py:142 - Error in speech recognition: Audio source must be entered before listening, see documentation for ``AudioSource``; are you using ``source`` outside of a ``with`` statement?
2025-05-06 00:35:34 - ERROR - src.speech.speech_to_text - C:\Users\User\PycharmProjects\senseBridge\src\speech\speech_to_text.py:142 - Error in speech recognition: Audio source must be entered before listening, see documentation for ``AudioSource``; are you using ``source`` outside of a ``with`` statement?
2025-05-06 00:35:34 - INFO - src - C:\Users\User\PycharmProjects\senseBridge\src\main.py:230 - Sound detected: microwave_beep (confidence: 0.80)
2025-05-06 00:35:34 - INFO - src.notification.notification_manager - C:\Users\User\PycharmProjects\senseBridge\src\notification\notification_manager.py:122 - Notification queued: microwave_beep (confidence: 0.80)
2025-05-06 00:35:34 - INFO - src.notification.notification_manager - C:\Users\User\PycharmProjects\senseBridge\src\notification\notification_manager.py:172 - Notification sent: microwave_beep (priority: medium)
2025-05-06 00:35:34 - INFO - src.gui.app - C:\Users\User\PycharmProjects\senseBridge\src\gui\app.py:69 - Notification: Detected: Microwave_beep (type: info)
2025-05-06 00:35:34 - ERROR - src.speech.speech_to_text - C:\Users\User\PycharmProjects\senseBridge\src\speech\speech_to_text.py:142 - Error in speech recognition: Audio source must be entered before listening, see documentation for ``AudioSource``; are you using ``source`` outside of a ``with`` statement?
2025-05-06 00:35:35 - ERROR - src.speech.speech_to_text - C:\Users\User\PycharmProjects\senseBridge\src\speech\speech_to_text.py:142 - Error in speech recognition: Audio source must be entered before listening, see documentation for ``AudioSource``; are you using ``source`` outside of a ``with`` statement?
2025-05-06 00:35:35 - ERROR - src.speech.speech_to_text - C:\Users\User\PycharmProjects\senseBridge\src\speech\speech_to_text.py:142 - Error in speech recognition: Audio source must be entered before listening, see documentation for ``AudioSource``; are you using ``source`` outside of a ``with`` statement?
2025-05-06 00:35:36 - ERROR - src.speech.speech_to_text - C:\Users\User\PycharmProjects\senseBridge\src\speech\speech_to_text.py:142 - Error in speech recognition: Audio source must be entered before listening, see documentation for ``AudioSource``; are you using ``source`` outside of a ``with`` statement?
2025-05-06 00:35:36 - ERROR - src.speech.speech_to_text - C:\Users\User\PycharmProjects\senseBridge\src\speech\speech_to_text.py:142 - Error in speech recognition: Audio source must be entered before listening, see documentation for ``AudioSource``; are you using ``source`` outside of a ``with`` statement?
2025-05-06 00:35:37 - ERROR - src.speech.speech_to_text - C:\Users\User\PycharmProjects\senseBridge\src\speech\speech_to_text.py:142 - Error in speech recognition: Audio source must be entered before listening, see documentation for ``AudioSource``; are you using ``source`` outside of a ``with`` statement?
2025-05-06 00:35:37 - ERROR - src.speech.speech_to_text - C:\Users\User\PycharmProjects\senseBridge\src\speech\speech_to_text.py:142 - Error in speech recognition: Audio source must be entered before listening, see documentation for ``AudioSource``; are you using ``source`` outside of a ``with`` statement?
2025-05-06 00:35:38 - WARNING - src.hardware.wearable - C:\Users\User\PycharmProjects\senseBridge\src\hardware\wearable.py:139 - No wearable MAC address configured
2025-05-06 00:35:38 - ERROR - src.speech.speech_to_text - C:\Users\User\PycharmProjects\senseBridge\src\speech\speech_to_text.py:142 - Error in speech recognition: Audio source must be entered before listening, see documentation for ``AudioSource``; are you using ``source`` outside of a ``with`` statement?
2025-05-06 00:35:38 - ERROR - src.speech.speech_to_text - C:\Users\User\PycharmProjects\senseBridge\src\speech\speech_to_text.py:142 - Error in speech recognition: Audio source must be entered before listening, see documentation for ``AudioSource``; are you using ``source`` outside of a ``with`` statement?
2025-05-06 00:35:39 - ERROR - src.speech.speech_to_text - C:\Users\User\PycharmProjects\senseBridge\src\speech\speech_to_text.py:142 - Error in speech recognition: Audio source must be entered before listening, see documentation for ``AudioSource``; are you using ``source`` outside of a ``with`` statement?
2025-05-06 00:35:39 - ERROR - src.speech.speech_to_text - C:\Users\User\PycharmProjects\senseBridge\src\speech\speech_to_text.py:142 - Error in speech recognition: Audio source must be entered before listening, see documentation for ``AudioSource``; are you using ``source`` outside of a ``with`` statement?
2025-05-06 00:35:40 - ERROR - src.speech.speech_to_text - C:\Users\User\PycharmProjects\senseBridge\src\speech\speech_to_text.py:142 - Error in speech recognition: Audio source must be entered before listening, see documentation for ``AudioSource``; are you using ``source`` outside of a ``with`` statement?
2025-05-06 00:35:40 - ERROR - src.speech.speech_to_text - C:\Users\User\PycharmProjects\senseBridge\src\speech\speech_to_text.py:142 - Error in speech recognition: Audio source must be entered before listening, see documentation for ``AudioSource``; are you using ``source`` outside of a ``with`` statement?
2025-05-06 00:35:41 - ERROR - src.speech.speech_to_text - C:\Users\User\PycharmProjects\senseBridge\src\speech\speech_to_text.py:142 - Error in speech recognition: Audio source must be entered before listening, see documentation for ``AudioSource``; are you using ``source`` outside of a ``with`` statement?
2025-05-06 00:35:41 - ERROR - src.speech.speech_to_text - C:\Users\User\PycharmProjects\senseBridge\src\speech\speech_to_text.py:142 - Error in speech recognition: Audio source must be entered before listening, see documentation for ``AudioSource``; are you using ``source`` outside of a ``with`` statement?
2025-05-06 00:35:42 - ERROR - src.speech.speech_to_text - C:\Users\User\PycharmProjects\senseBridge\src\speech\speech_to_text.py:142 - Error in speech recognition: Audio source must be entered before listening, see documentation for ``AudioSource``; are you using ``source`` outside of a ``with`` statement?
2025-05-06 00:35:42 - ERROR - src.speech.speech_to_text - C:\Users\User\PycharmProjects\senseBridge\src\speech\speech_to_text.py:142 - Error in speech recognition: Audio source must be entered before listening, see documentation for ``AudioSource``; are you using ``source`` outside of a ``with`` statement?
2025-05-06 00:35:43 - WARNING - src.hardware.wearable - C:\Users\User\PycharmProjects\senseBridge\src\hardware\wearable.py:139 - No wearable MAC address configured
2025-05-06 00:35:43 - ERROR - src.speech.speech_to_text - C:\Users\User\PycharmProjects\senseBridge\src\speech\speech_to_text.py:142 - Error in speech recognition: Audio source must be entered before listening, see documentation for ``AudioSource``; are you using ``source`` outside of a ``with`` statement?
2025-05-06 00:35:43 - ERROR - src.speech.speech_to_text - C:\Users\User\PycharmProjects\senseBridge\src\speech\speech_to_text.py:142 - Error in speech recognition: Audio source must be entered before listening, see documentation for ``AudioSource``; are you using ``source`` outside of a ``with`` statement?
2025-05-06 00:35:44 - ERROR - src.speech.speech_to_text - C:\Users\User\PycharmProjects\senseBridge\src\speech\speech_to_text.py:142 - Error in speech recognition: Audio source must be entered before listening, see documentation for ``AudioSource``; are you using ``source`` outside of a ``with`` statement?
2025-05-06 00:35:44 - ERROR - src.speech.speech_to_text - C:\Users\User\PycharmProjects\senseBridge\src\speech\speech_to_text.py:142 - Error in speech recognition: Audio source must be entered before listening, see documentation for ``AudioSource``; are you using ``source`` outside of a ``with`` statement?
2025-05-06 00:35:45 - ERROR - src.speech.speech_to_text - C:\Users\User\PycharmProjects\senseBridge\src\speech\speech_to_text.py:142 - Error in speech recognition: Audio source must be entered before listening, see documentation for ``AudioSource``; are you using ``source`` outside of a ``with`` statement?
2025-05-06 00:35:45 - ERROR - src.speech.speech_to_text - C:\Users\User\PycharmProjects\senseBridge\src\speech\speech_to_text.py:142 - Error in speech recognition: Audio source must be entered before listening, see documentation for ``AudioSource``; are you using ``source`` outside of a ``with`` statement?
2025-05-06 00:35:46 - ERROR - src.speech.speech_to_text - C:\Users\User\PycharmProjects\senseBridge\src\speech\speech_to_text.py:142 - Error in speech recognition: Audio source must be entered before listening, see documentation for ``AudioSource``; are you using ``source`` outside of a ``with`` statement?
2025-05-06 00:35:46 - ERROR - src.speech.speech_to_text - C:\Users\User\PycharmProjects\senseBridge\src\speech\speech_to_text.py:142 - Error in speech recognition: Audio source must be entered before listening, see documentation for ``AudioSource``; are you using ``source`` outside of a ``with`` statement?
2025-05-06 00:35:47 - ERROR - src.speech.speech_to_text - C:\Users\User\PycharmProjects\senseBridge\src\speech\speech_to_text.py:142 - Error in speech recognition: Audio source must be entered before listening, see documentation for ``AudioSource``; are you using ``source`` outside of a ``with`` statement?
2025-05-06 00:35:47 - ERROR - src.speech.speech_to_text - C:\Users\User\PycharmProjects\senseBridge\src\speech\speech_to_text.py:142 - Error in speech recognition: Audio source must be entered before listening, see documentation for ``AudioSource``; are you using ``source`` outside of a ``with`` statement?
2025-05-06 00:35:48 - WARNING - src.hardware.wearable - C:\Users\User\PycharmProjects\senseBridge\src\hardware\wearable.py:139 - No wearable MAC address configured
2025-05-06 00:35:48 - ERROR - src.speech.speech_to_text - C:\Users\User\PycharmProjects\senseBridge\src\speech\speech_to_text.py:142 - Error in speech recognition: Audio source must be entered before listening, see documentation for ``AudioSource``; are you using ``source`` outside of a ``with`` statement?
2025-05-06 00:35:48 - ERROR - src.speech.speech_to_text - C:\Users\User\PycharmProjects\senseBridge\src\speech\speech_to_text.py:142 - Error in speech recognition: Audio source must be entered before listening, see documentation for ``AudioSource``; are you using ``source`` outside of a ``with`` statement?
2025-05-06 00:35:49 - ERROR - src.speech.speech_to_text - C:\Users\User\PycharmProjects\senseBridge\src\speech\speech_to_text.py:142 - Error in speech recognition: Audio source must be entered before listening, see documentation for ``AudioSource``; are you using ``source`` outside of a ``with`` statement?
2025-05-06 00:35:49 - ERROR - src.speech.speech_to_text - C:\Users\User\PycharmProjects\senseBridge\src\speech\speech_to_text.py:142 - Error in speech recognition: Audio source must be entered before listening, see documentation for ``AudioSource``; are you using ``source`` outside of a ``with`` statement?
2025-05-06 00:35:50 - ERROR - src.speech.speech_to_text - C:\Users\User\PycharmProjects\senseBridge\src\speech\speech_to_text.py:142 - Error in speech recognition: Audio source must be entered before listening, see documentation for ``AudioSource``; are you using ``source`` outside of a ``with`` statement?
2025-05-06 00:35:50 - ERROR - src.speech.speech_to_text - C:\Users\User\PycharmProjects\senseBridge\src\speech\speech_to_text.py:142 - Error in speech recognition: Audio source must be entered before listening, see documentation for ``AudioSource``; are you using ``source`` outside of a ``with`` statement?
2025-05-06 00:35:51 - ERROR - src.speech.speech_to_text - C:\Users\User\PycharmProjects\senseBridge\src\speech\speech_to_text.py:142 - Error in speech recognition: Audio source must be entered before listening, see documentation for ``AudioSource``; are you using ``source`` outside of a ``with`` statement?
2025-05-06 00:35:51 - ERROR - src.speech.speech_to_text - C:\Users\User\PycharmProjects\senseBridge\src\speech\speech_to_text.py:142 - Error in speech recognition: Audio source must be entered before listening, see documentation for ``AudioSource``; are you using ``source`` outside of a ``with`` statement?
2025-05-06 00:35:52 - ERROR - src.speech.speech_to_text - C:\Users\User\PycharmProjects\senseBridge\src\speech\speech_to_text.py:142 - Error in speech recognition: Audio source must be entered before listening, see documentation for ``AudioSource``; are you using ``source`` outside of a ``with`` statement?
2025-05-06 00:35:52 - ERROR - src.speech.speech_to_text - C:\Users\User\PycharmProjects\senseBridge\src\speech\speech_to_text.py:142 - Error in speech recognition: Audio source must be entered before listening, see documentation for ``AudioSource``; are you using ``source`` outside of a ``with`` statement?
2025-05-06 00:35:53 - WARNING - src.hardware.wearable - C:\Users\User\PycharmProjects\senseBridge\src\hardware\wearable.py:139 - No wearable MAC address configured
2025-05-06 00:35:53 - ERROR - src.speech.speech_to_text - C:\Users\User\PycharmProjects\senseBridge\src\speech\speech_to_text.py:142 - Error in speech recognition: Audio source must be entered before listening, see documentation for ``AudioSource``; are you using ``source`` outside of a ``with`` statement?
2025-05-06 00:35:53 - ERROR - src.speech.speech_to_text - C:\Users\User\PycharmProjects\senseBridge\src\speech\speech_to_text.py:142 - Error in speech recognition: Audio source must be entered before listening, see documentation for ``AudioSource``; are you using ``source`` outside of a ``with`` statement?
2025-05-06 00:35:54 - INFO - src.simulator.simulator_ui - C:\Users\User\PycharmProjects\senseBridge\src\simulator\simulator_ui.py:66 - Simulator UI stopped
2025-05-06 00:35:54 - ERROR - src.speech.speech_to_text - C:\Users\User\PycharmProjects\senseBridge\src\speech\speech_to_text.py:142 - Error in speech recognition: Audio source must be entered before listening, see documentation for ``AudioSource``; are you using ``source`` outside of a ``with`` statement?
2025-05-06 00:35:54 - ERROR - src.speech.speech_to_text - C:\Users\User\PycharmProjects\senseBridge\src\speech\speech_to_text.py:142 - Error in speech recognition: Audio source must be entered before listening, see documentation for ``AudioSource``; are you using ``source`` outside of a ``with`` statement?
2025-05-06 00:35:55 - ERROR - src.speech.speech_to_text - C:\Users\User\PycharmProjects\senseBridge\src\speech\speech_to_text.py:142 - Error in speech recognition: Audio source must be entered before listening, see documentation for ``AudioSource``; are you using ``source`` outside of a ``with`` statement?
2025-05-06 00:35:55 - ERROR - src.speech.speech_to_text - C:\Users\User\PycharmProjects\senseBridge\src\speech\speech_to_text.py:142 - Error in speech recognition: Audio source must be entered before listening, see documentation for ``AudioSource``; are you using ``source`` outside of a ``with`` statement?
2025-05-06 00:35:56 - ERROR - src.speech.speech_to_text - C:\Users\User\PycharmProjects\senseBridge\src\speech\speech_to_text.py:142 - Error in speech recognition: Audio source must be entered before listening, see documentation for ``AudioSource``; are you using ``source`` outside of a ``with`` statement?
2025-05-06 00:35:56 - ERROR - src.speech.speech_to_text - C:\Users\User\PycharmProjects\senseBridge\src\speech\speech_to_text.py:142 - Error in speech recognition: Audio source must be entered before listening, see documentation for ``AudioSource``; are you using ``source`` outside of a ``with`` statement?
2025-05-06 00:35:57 - ERROR - src.speech.speech_to_text - C:\Users\User\PycharmProjects\senseBridge\src\speech\speech_to_text.py:142 - Error in speech recognition: Audio source must be entered before listening, see documentation for ``AudioSource``; are you using ``source`` outside of a ``with`` statement?
2025-05-06 00:35:57 - ERROR - src.speech.speech_to_text - C:\Users\User\PycharmProjects\senseBridge\src\speech\speech_to_text.py:142 - Error in speech recognition: Audio source must be entered before listening, see documentation for ``AudioSource``; are you using ``source`` outside of a ``with`` statement?
2025-05-06 00:35:58 - WARNING - src.hardware.wearable - C:\Users\User\PycharmProjects\senseBridge\src\hardware\wearable.py:139 - No wearable MAC address configured
2025-05-06 00:35:58 - ERROR - src.speech.speech_to_text - C:\Users\User\PycharmProjects\senseBridge\src\speech\speech_to_text.py:142 - Error in speech recognition: Audio source must be entered before listening, see documentation for ``AudioSource``; are you using ``source`` outside of a ``with`` statement?
2025-05-06 00:35:58 - ERROR - src.speech.speech_to_text - C:\Users\User\PycharmProjects\senseBridge\src\speech\speech_to_text.py:142 - Error in speech recognition: Audio source must be entered before listening, see documentation for ``AudioSource``; are you using ``source`` outside of a ``with`` statement?
2025-05-06 00:35:59 - ERROR - src.speech.speech_to_text - C:\Users\User\PycharmProjects\senseBridge\src\speech\speech_to_text.py:142 - Error in speech recognition: Audio source must be entered before listening, see documentation for ``AudioSource``; are you using ``source`` outside of a ``with`` statement?
2025-05-06 00:35:59 - ERROR - src.speech.speech_to_text - C:\Users\User\PycharmProjects\senseBridge\src\speech\speech_to_text.py:142 - Error in speech recognition: Audio source must be entered before listening, see documentation for ``AudioSource``; are you using ``source`` outside of a ``with`` statement?
2025-05-06 00:36:00 - ERROR - src.speech.speech_to_text - C:\Users\User\PycharmProjects\senseBridge\src\speech\speech_to_text.py:142 - Error in speech recognition: Audio source must be entered before listening, see documentation for ``AudioSource``; are you using ``source`` outside of a ``with`` statement?
2025-05-06 00:36:00 - ERROR - src.speech.speech_to_text - C:\Users\User\PycharmProjects\senseBridge\src\speech\speech_to_text.py:142 - Error in speech recognition: Audio source must be entered before listening, see documentation for ``AudioSource``; are you using ``source`` outside of a ``with`` statement?
2025-05-06 00:36:01 - ERROR - src.speech.speech_to_text - C:\Users\User\PycharmProjects\senseBridge\src\speech\speech_to_text.py:142 - Error in speech recognition: Audio source must be entered before listening, see documentation for ``AudioSource``; are you using ``source`` outside of a ``with`` statement?
2025-05-06 00:36:01 - ERROR - src.speech.speech_to_text - C:\Users\User\PycharmProjects\senseBridge\src\speech\speech_to_text.py:142 - Error in speech recognition: Audio source must be entered before listening, see documentation for ``AudioSource``; are you using ``source`` outside of a ``with`` statement?
2025-05-06 00:36:02 - ERROR - src.speech.speech_to_text - C:\Users\User\PycharmProjects\senseBridge\src\speech\speech_to_text.py:142 - Error in speech recognition: Audio source must be entered before listening, see documentation for ``AudioSource``; are you using ``source`` outside of a ``with`` statement?
2025-05-06 00:36:02 - ERROR - src.speech.speech_to_text - C:\Users\User\PycharmProjects\senseBridge\src\speech\speech_to_text.py:142 - Error in speech recognition: Audio source must be entered before listening, see documentation for ``AudioSource``; are you using ``source`` outside of a ``with`` statement?
2025-05-06 00:36:03 - WARNING - src.hardware.wearable - C:\Users\User\PycharmProjects\senseBridge\src\hardware\wearable.py:139 - No wearable MAC address configured
2025-05-06 00:36:03 - ERROR - src.speech.speech_to_text - C:\Users\User\PycharmProjects\senseBridge\src\speech\speech_to_text.py:142 - Error in speech recognition: Audio source must be entered before listening, see documentation for ``AudioSource``; are you using ``source`` outside of a ``with`` statement?
2025-05-06 00:36:03 - ERROR - src.speech.speech_to_text - C:\Users\User\PycharmProjects\senseBridge\src\speech\speech_to_text.py:142 - Error in speech recognition: Audio source must be entered before listening, see documentation for ``AudioSource``; are you using ``source`` outside of a ``with`` statement?
2025-05-06 00:36:04 - ERROR - src.speech.speech_to_text - C:\Users\User\PycharmProjects\senseBridge\src\speech\speech_to_text.py:142 - Error in speech recognition: Audio source must be entered before listening, see documentation for ``AudioSource``; are you using ``source`` outside of a ``with`` statement?
2025-05-06 00:36:04 - ERROR - src.speech.speech_to_text - C:\Users\User\PycharmProjects\senseBridge\src\speech\speech_to_text.py:142 - Error in speech recognition: Audio source must be entered before listening, see documentation for ``AudioSource``; are you using ``source`` outside of a ``with`` statement?
2025-05-06 00:36:05 - ERROR - src.speech.speech_to_text - C:\Users\User\PycharmProjects\senseBridge\src\speech\speech_to_text.py:142 - Error in speech recognition: Audio source must be entered before listening, see documentation for ``AudioSource``; are you using ``source`` outside of a ``with`` statement?
2025-05-06 00:36:05 - ERROR - src.speech.speech_to_text - C:\Users\User\PycharmProjects\senseBridge\src\speech\speech_to_text.py:142 - Error in speech recognition: Audio source must be entered before listening, see documentation for ``AudioSource``; are you using ``source`` outside of a ``with`` statement?
2025-05-06 00:36:06 - ERROR - src.speech.speech_to_text - C:\Users\User\PycharmProjects\senseBridge\src\speech\speech_to_text.py:142 - Error in speech recognition: Audio source must be entered before listening, see documentation for ``AudioSource``; are you using ``source`` outside of a ``with`` statement?
2025-05-06 00:36:06 - ERROR - src.speech.speech_to_text - C:\Users\User\PycharmProjects\senseBridge\src\speech\speech_to_text.py:142 - Error in speech recognition: Audio source must be entered before listening, see documentation for ``AudioSource``; are you using ``source`` outside of a ``with`` statement?
2025-05-06 00:36:07 - ERROR - src.speech.speech_to_text - C:\Users\User\PycharmProjects\senseBridge\src\speech\speech_to_text.py:142 - Error in speech recognition: Audio source must be entered before listening, see documentation for ``AudioSource``; are you using ``source`` outside of a ``with`` statement?
2025-05-06 00:36:07 - ERROR - src.speech.speech_to_text - C:\Users\User\PycharmProjects\senseBridge\src\speech\speech_to_text.py:142 - Error in speech recognition: Audio source must be entered before listening, see documentation for ``AudioSource``; are you using ``source`` outside of a ``with`` statement?
2025-05-06 00:36:08 - WARNING - src.hardware.wearable - C:\Users\User\PycharmProjects\senseBridge\src\hardware\wearable.py:139 - No wearable MAC address configured
2025-05-06 00:36:08 - ERROR - src.speech.speech_to_text - C:\Users\User\PycharmProjects\senseBridge\src\speech\speech_to_text.py:142 - Error in speech recognition: Audio source must be entered before listening, see documentation for ``AudioSource``; are you using ``source`` outside of a ``with`` statement?
2025-05-06 00:36:08 - ERROR - src.speech.speech_to_text - C:\Users\User\PycharmProjects\senseBridge\src\speech\speech_to_text.py:142 - Error in speech recognition: Audio source must be entered before listening, see documentation for ``AudioSource``; are you using ``source`` outside of a ``with`` statement?
2025-05-06 00:36:09 - ERROR - src.speech.speech_to_text - C:\Users\User\PycharmProjects\senseBridge\src\speech\speech_to_text.py:142 - Error in speech recognition: Audio source must be entered before listening, see documentation for ``AudioSource``; are you using ``source`` outside of a ``with`` statement?
2025-05-06 00:36:09 - ERROR - src.speech.speech_to_text - C:\Users\User\PycharmProjects\senseBridge\src\speech\speech_to_text.py:142 - Error in speech recognition: Audio source must be entered before listening, see documentation for ``AudioSource``; are you using ``source`` outside of a ``with`` statement?
2025-05-06 00:36:10 - ERROR - src.speech.speech_to_text - C:\Users\User\PycharmProjects\senseBridge\src\speech\speech_to_text.py:142 - Error in speech recognition: Audio source must be entered before listening, see documentation for ``AudioSource``; are you using ``source`` outside of a ``with`` statement?
2025-05-06 00:36:10 - ERROR - src.speech.speech_to_text - C:\Users\User\PycharmProjects\senseBridge\src\speech\speech_to_text.py:142 - Error in speech recognition: Audio source must be entered before listening, see documentation for ``AudioSource``; are you using ``source`` outside of a ``with`` statement?
2025-05-06 00:36:11 - ERROR - src.speech.speech_to_text - C:\Users\User\PycharmProjects\senseBridge\src\speech\speech_to_text.py:142 - Error in speech recognition: Audio source must be entered before listening, see documentation for ``AudioSource``; are you using ``source`` outside of a ``with`` statement?
2025-05-06 00:36:11 - ERROR - src.speech.speech_to_text - C:\Users\User\PycharmProjects\senseBridge\src\speech\speech_to_text.py:142 - Error in speech recognition: Audio source must be entered before listening, see documentation for ``AudioSource``; are you using ``source`` outside of a ``with`` statement?
2025-05-06 00:36:12 - ERROR - src.speech.speech_to_text - C:\Users\User\PycharmProjects\senseBridge\src\speech\speech_to_text.py:142 - Error in speech recognition: Audio source must be entered before listening, see documentation for ``AudioSource``; are you using ``source`` outside of a ``with`` statement?
2025-05-06 00:36:12 - ERROR - src.speech.speech_to_text - C:\Users\User\PycharmProjects\senseBridge\src\speech\speech_to_text.py:142 - Error in speech recognition: Audio source must be entered before listening, see documentation for ``AudioSource``; are you using ``source`` outside of a ``with`` statement?
2025-05-06 00:36:13 - WARNING - src.hardware.wearable - C:\Users\User\PycharmProjects\senseBridge\src\hardware\wearable.py:139 - No wearable MAC address configured
2025-05-06 00:36:13 - ERROR - src.speech.speech_to_text - C:\Users\User\PycharmProjects\senseBridge\src\speech\speech_to_text.py:142 - Error in speech recognition: Audio source must be entered before listening, see documentation for ``AudioSource``; are you using ``source`` outside of a ``with`` statement?
2025-05-06 00:36:13 - ERROR - src.speech.speech_to_text - C:\Users\User\PycharmProjects\senseBridge\src\speech\speech_to_text.py:142 - Error in speech recognition: Audio source must be entered before listening, see documentation for ``AudioSource``; are you using ``source`` outside of a ``with`` statement?
2025-05-06 00:36:14 - ERROR - src.speech.speech_to_text - C:\Users\User\PycharmProjects\senseBridge\src\speech\speech_to_text.py:142 - Error in speech recognition: Audio source must be entered before listening, see documentation for ``AudioSource``; are you using ``source`` outside of a ``with`` statement?
2025-05-06 00:36:14 - ERROR - src.speech.speech_to_text - C:\Users\User\PycharmProjects\senseBridge\src\speech\speech_to_text.py:142 - Error in speech recognition: Audio source must be entered before listening, see documentation for ``AudioSource``; are you using ``source`` outside of a ``with`` statement?
2025-05-06 00:36:15 - ERROR - src.speech.speech_to_text - C:\Users\User\PycharmProjects\senseBridge\src\speech\speech_to_text.py:142 - Error in speech recognition: Audio source must be entered before listening, see documentation for ``AudioSource``; are you using ``source`` outside of a ``with`` statement?
2025-05-06 00:36:15 - ERROR - src.speech.speech_to_text - C:\Users\User\PycharmProjects\senseBridge\src\speech\speech_to_text.py:142 - Error in speech recognition: Audio source must be entered before listening, see documentation for ``AudioSource``; are you using ``source`` outside of a ``with`` statement?
2025-05-06 00:36:16 - ERROR - src.speech.speech_to_text - C:\Users\User\PycharmProjects\senseBridge\src\speech\speech_to_text.py:142 - Error in speech recognition: Audio source must be entered before listening, see documentation for ``AudioSource``; are you using ``source`` outside of a ``with`` statement?
2025-05-06 00:36:16 - ERROR - src.speech.speech_to_text - C:\Users\User\PycharmProjects\senseBridge\src\speech\speech_to_text.py:142 - Error in speech recognition: Audio source must be entered before listening, see documentation for ``AudioSource``; are you using ``source`` outside of a ``with`` statement?
2025-05-06 00:36:17 - INFO - src - C:\Users\User\PycharmProjects\senseBridge\src\main.py:284 - Received signal 2, shutting down...
2025-05-06 00:36:17 - INFO - src - C:\Users\User\PycharmProjects\senseBridge\src\main.py:198 - Stopping SenseBridge...
2025-05-06 00:36:17 - ERROR - src.speech.speech_to_text - C:\Users\User\PycharmProjects\senseBridge\src\speech\speech_to_text.py:142 - Error in speech recognition: Audio source must be entered before listening, see documentation for ``AudioSource``; are you using ``source`` outside of a ``with`` statement?
2025-05-06 00:36:17 - ERROR - src.speech.speech_to_text - C:\Users\User\PycharmProjects\senseBridge\src\speech\speech_to_text.py:142 - Error in speech recognition: Audio source must be entered before listening, see documentation for ``AudioSource``; are you using ``source`` outside of a ``with`` statement?
2025-05-06 00:36:17 - INFO - src.audio.sound_recognition - C:\Users\User\PycharmProjects\senseBridge\src\audio\sound_recognition.py:76 - Sound recognition stopped
